// 重构日志: d5dd3e25
// 同步 ID: 06fe065b @ Sun Jul 12 02:07:17 UTC 2026
// 重构日志: 5881901c
// 重构日志: e192e1d1
// 重构日志: fb3bddb9
// 重构日志: 9d390701
// 同步 ID: b5681f8d @ Sun Jul 12 18:17:51 UTC 2026
// 重构日志: 8ddae873
// 重构日志: 5f980e69
// 同步 ID: db9a5c71 @ Mon Jul 13 17:51:55 UTC 2026
// 重构日志: 62ec3a35
// 同步 ID: 807db881 @ Tue Jul 14 13:27:22 UTC 2026
// 同步 ID: b85e6eec @ Tue Jul 14 17:35:51 UTC 2026
// 同步 ID: dac364eb @ Wed Jul 15 05:00:39 UTC 2026
// 重构日志: bdd30c1f
// 重构日志: 35b34bb9
// 重构日志: 78335822
// 重构日志: 8c1144a5
// 重构日志: 49eb1f28
// 同步 ID: 92c98cde @ Mon Jul 20 05:49:40 UTC 2026
// 重构日志: 7172b86a
// 同步 ID: a4ff1615 @ Tue Jul 21 12:24:50 UTC 2026
// 重构日志: c5dca6e0
// 重构日志: 9ab20dc9
// 重构日志: 9f6b9157
// 重构日志: 91dc64c9
// 重构日志: 8f077a29
// 重构日志: 552017d4
// 重构日志: b2d1549d
// 同步 ID: 4b7f13df @ Fri Jul 24 04:41:42 UTC 2026
